<?xml version="1.0" encoding="UTF-8"?>
<testng-results ignored="0" total="1" passed="1" failed="0" skipped="0">
  <reporter-output>
  </reporter-output>
  <suite started-at="2022-10-16T21:26:20 GST" name="Default suite" finished-at="2022-10-16T21:27:16 GST" duration-ms="56227">
    <groups>
    </groups>
    <test started-at="2022-10-16T21:26:20 GST" name="Default test" finished-at="2022-10-16T21:27:16 GST" duration-ms="56227">
      <class name="com.ahoy.qa.testcases.Womenpagetest">
        <test-method is-config="true" signature="setUp()[pri:0, instance:com.ahoy.qa.testcases.Womenpagetest@41330d4f]" started-at="2022-10-16T21:26:20 GST" name="setUp" finished-at="2022-10-16T21:26:31 GST" duration-ms="10871" status="PASS">
          <reporter-output>
          </reporter-output>
        </test-method> <!-- setUp -->
        <test-method signature="verifyThatCheckOutItemsWorkFine()[pri:0, instance:com.ahoy.qa.testcases.Womenpagetest@41330d4f]" started-at="2022-10-16T21:26:31 GST" name="verifyThatCheckOutItemsWorkFine" finished-at="2022-10-16T21:27:16 GST" duration-ms="44930" status="PASS">
          <reporter-output>
          </reporter-output>
        </test-method> <!-- verifyThatCheckOutItemsWorkFine -->
        <test-method is-config="true" signature="teardown()[pri:0, instance:com.ahoy.qa.testcases.Womenpagetest@41330d4f]" started-at="2022-10-16T21:27:16 GST" name="teardown" finished-at="2022-10-16T21:27:16 GST" duration-ms="367" status="PASS">
          <reporter-output>
          </reporter-output>
        </test-method> <!-- teardown -->
      </class> <!-- com.ahoy.qa.testcases.Womenpagetest -->
    </test> <!-- Default test -->
  </suite> <!-- Default suite -->
</testng-results>
